  ACCvector.cpp
C:\Users\Domin\source\repos\SpaceCraft_Game\ACCvector.cpp(12,9): warning C4244: 'initializing': conversion from 'double' to 'int', possible loss of data
C:\Users\Domin\source\repos\SpaceCraft_Game\ACCvector.cpp(13,9): warning C4244: 'initializing': conversion from 'double' to 'int', possible loss of data
C:\Users\Domin\source\repos\SpaceCraft_Game\ACCvector.cpp(58,9): warning C4244: 'initializing': conversion from 'double' to 'int', possible loss of data
C:\Users\Domin\source\repos\SpaceCraft_Game\ACCvector.cpp(59,9): warning C4244: 'initializing': conversion from 'double' to 'int', possible loss of data
  Enemy.cpp
  Functions.cpp
  LTexture.cpp
  LaserShot.cpp
  Math_Functions.cpp
C:\Users\Domin\source\repos\SpaceCraft_Game\Math_Functions.cpp(25,35): warning C4244: 'return': conversion from 'double' to 'int', possible loss of data
C:\Users\Domin\source\repos\SpaceCraft_Game\Math_Functions.cpp(32,36): warning C4244: 'return': conversion from 'double' to 'int', possible loss of data
C:\Users\Domin\source\repos\SpaceCraft_Game\Math_Functions.cpp(37,36): warning C4244: 'return': conversion from 'double' to 'int', possible loss of data
C:\Users\Domin\source\repos\SpaceCraft_Game\Math_Functions.cpp(43,36): warning C4244: 'return': conversion from 'double' to 'int', possible loss of data
C:\Users\Domin\source\repos\SpaceCraft_Game\Math_Functions.cpp(49,36): warning C4244: 'return': conversion from 'double' to 'int', possible loss of data
C:\Users\Domin\source\repos\SpaceCraft_Game\Math_Functions.cpp(56,36): warning C4244: 'return': conversion from 'double' to 'int', possible loss of data
C:\Users\Domin\source\repos\SpaceCraft_Game\Math_Functions.cpp(63,36): warning C4244: 'return': conversion from 'double' to 'int', possible loss of data
C:\Users\Domin\source\repos\SpaceCraft_Game\Math_Functions.cpp(69,36): warning C4244: 'return': conversion from 'double' to 'int', possible loss of data
C:\Users\Domin\source\repos\SpaceCraft_Game\Math_Functions.cpp(10,6): warning C4101: 'return_value': unreferenced local variable
  Planet.cpp
  SpaceCraft.cpp
C:\Users\Domin\source\repos\SpaceCraft_Game\SpaceCraft.cpp(110,12): warning C4244: '+=': conversion from 'double' to 'int', possible loss of data
C:\Users\Domin\source\repos\SpaceCraft_Game\SpaceCraft.cpp(111,12): warning C4244: '+=': conversion from 'double' to 'int', possible loss of data
C:\Users\Domin\source\repos\SpaceCraft_Game\SpaceCraft.cpp(141,8): warning C4244: 'initializing': conversion from 'double' to 'int', possible loss of data
C:\Users\Domin\source\repos\SpaceCraft_Game\SpaceCraft.cpp(142,8): warning C4244: 'initializing': conversion from 'double' to 'int', possible loss of data
  Space_ship.cpp
  UI.cpp
  Generating code
  7 of 863 functions ( 0.8%) were compiled, the rest were copied from previous compilation.
    0 functions were new in current compilation
    0 functions had inline decision re-evaluated but remain unchanged
  Finished generating code
  Motion.vcxproj -> C:\Users\Domin\source\repos\SpaceCraft_Game\x64\Release\SpaceCraft_Game.exe
